<?xml version="1.0" encoding="UTF-8"?>
<testsuite xmlns:xsi="http://www.w3.org/2001/XMLSchema-instance" xsi:noNamespaceSchemaLocation="https://maven.apache.org/surefire/maven-surefire-plugin/xsd/surefire-test-report.xsd" name="money.MoneyTest" time="0.077" tests="3" errors="0" skipped="0" failures="0">
  <properties>
[...]
</properties>
  <testcase name="testMultiplication" classname="money.MoneyTest" time="0.06"/>
  <testcase name="testFrancMultiplication" classname="money.MoneyTest" time="0"/>
  <testcase name="testEquality" classname="money.MoneyTest" time="0.002"/>
</testsuite>